<?xml version="1.0" encoding="UTF-8"?>
<!-- Generated by org.testng.reporters.JUnitXMLReporter -->
<testsuite ignored="4" hostname="LAPTOP-T22UOKH9" failures="0" tests="1" name="Default test" time="11.073" errors="0" timestamp="2024-07-15T15:51:03 IST">
  <testcase classname="beeceptorEvalution.BeeceptorTestCase" name="PutHook" time="11.033"/>
  <testcase classname="beeceptorEvalution.BeeceptorTestCase" name="GetHook" time="0.0">
    <ignored/>
  </testcase> <!-- GetHook -->
  <testcase classname="beeceptorEvalution.BeeceptorTestCase" name="GetHooks" time="0.0">
    <ignored/>
  </testcase> <!-- GetHooks -->
  <testcase classname="beeceptorEvalution.BeeceptorTestCase" name="ScheduleHook" time="0.0">
    <ignored/>
  </testcase> <!-- ScheduleHook -->
  <testcase classname="beeceptorEvalution.BeeceptorTestCase" name="deleteHook" time="0.0">
    <ignored/>
  </testcase> <!-- deleteHook -->
</testsuite> <!-- Default test -->
