<?xml version="1.0" encoding="UTF-8"?>
<testng-results ignored="4" total="5" passed="1" failed="0" skipped="0">
  <reporter-output>
  </reporter-output>
  <suite started-at="2024-07-15T15:50:52 IST" name="Default suite" finished-at="2024-07-15T15:51:03 IST" duration-ms="11073">
    <groups>
    </groups>
    <test started-at="2024-07-15T15:50:52 IST" name="Default test" finished-at="2024-07-15T15:51:03 IST" duration-ms="11073">
      <class name="beeceptorEvalution.BeeceptorTestCase">
        <test-method signature="PutHook()[pri:0, instance:beeceptorEvalution.BeeceptorTestCase@2c1b194a]" started-at="2024-07-15T15:50:52 IST" name="PutHook" finished-at="2024-07-15T15:51:03 IST" duration-ms="11033" status="PASS">
          <reporter-output>
          </reporter-output>
        </test-method> <!-- PutHook -->
      </class> <!-- beeceptorEvalution.BeeceptorTestCase -->
    </test> <!-- Default test -->
  </suite> <!-- Default suite -->
</testng-results>
